# Logfile created on 2014-08-25 00:19:51 +0200 by logger.rb/44203
I, [2014-08-25T00:19:51.897402 #10925]  INFO -- : 0:  rack (1.5.2) from /Users/adrian/.rvm/gems/ruby-2.1.0@learning-stuff-api/specifications/rack-1.5.2.gemspec
I, [2014-08-25T00:19:52.902903 #10925]  INFO -- : 0:  rack-protection (1.5.3) from /Users/adrian/.rvm/gems/ruby-2.1.0@learning-stuff-api/specifications/rack-protection-1.5.3.gemspec
I, [2014-08-25T00:19:53.936444 #10925]  INFO -- : 0:  tilt (1.4.1) from /Users/adrian/.rvm/gems/ruby-2.1.0@learning-stuff-api/specifications/tilt-1.4.1.gemspec
I, [2014-08-25T00:19:55.193843 #10925]  INFO -- : 0:  sinatra (1.4.5) from /Users/adrian/.rvm/gems/ruby-2.1.0@learning-stuff-api/specifications/sinatra-1.4.5.gemspec
I, [2014-08-25T00:19:55.194228 #10925]  INFO -- : 0:  bundler (1.5.1) from /Users/adrian/.rvm/gems/ruby-2.1.0@global/specifications/bundler-1.5.1.gemspec
I, [2014-08-25T00:28:48.752222 #11009]  INFO -- : 0:  addressable (2.3.6) from /Users/adrian/.rvm/gems/ruby-2.1.0@learning-stuff-api/specifications/addressable-2.3.6.gemspec
I, [2014-08-25T00:28:51.376070 #11009]  INFO -- : 0:  bcrypt (3.1.7) from /Users/adrian/.rvm/gems/ruby-2.1.0@learning-stuff-api/specifications/bcrypt-3.1.7.gemspec
I, [2014-08-25T00:28:52.309276 #11009]  INFO -- : 0:  bcrypt-ruby (3.1.5) from /Users/adrian/.rvm/gems/ruby-2.1.0@learning-stuff-api/specifications/bcrypt-ruby-3.1.5.gemspec
I, [2014-08-25T00:28:53.524441 #11009]  INFO -- : 0:  dm-core (1.2.1) from /Users/adrian/.rvm/gems/ruby-2.1.0@learning-stuff-api/specifications/dm-core-1.2.1.gemspec
I, [2014-08-25T00:28:54.478294 #11009]  INFO -- : 0:  dm-aggregates (1.2.0) from /Users/adrian/.rvm/gems/ruby-2.1.0@learning-stuff-api/specifications/dm-aggregates-1.2.0.gemspec
I, [2014-08-25T00:28:55.456859 #11009]  INFO -- : 0:  dm-constraints (1.2.0) from /Users/adrian/.rvm/gems/ruby-2.1.0@learning-stuff-api/specifications/dm-constraints-1.2.0.gemspec
I, [2014-08-25T00:28:56.560184 #11009]  INFO -- : 0:  dm-migrations (1.2.0) from /Users/adrian/.rvm/gems/ruby-2.1.0@learning-stuff-api/specifications/dm-migrations-1.2.0.gemspec
I, [2014-08-25T00:28:57.640595 #11009]  INFO -- : 0:  fastercsv (1.5.5) from /Users/adrian/.rvm/gems/ruby-2.1.0@learning-stuff-api/specifications/fastercsv-1.5.5.gemspec
I, [2014-08-25T00:28:59.446432 #11009]  INFO -- : 0:  json (1.8.1) from /Users/adrian/.rvm/gems/ruby-2.1.0@learning-stuff-api/specifications/json-1.8.1.gemspec
I, [2014-08-25T00:29:00.602611 #11009]  INFO -- : 0:  json_pure (1.8.1) from /Users/adrian/.rvm/gems/ruby-2.1.0@learning-stuff-api/specifications/json_pure-1.8.1.gemspec
I, [2014-08-25T00:29:01.581758 #11009]  INFO -- : 0:  multi_json (1.10.1) from /Users/adrian/.rvm/gems/ruby-2.1.0@learning-stuff-api/specifications/multi_json-1.10.1.gemspec
I, [2014-08-25T00:29:02.745389 #11009]  INFO -- : 0:  dm-serializer (1.2.2) from /Users/adrian/.rvm/gems/ruby-2.1.0@learning-stuff-api/specifications/dm-serializer-1.2.2.gemspec
I, [2014-08-25T00:29:03.689115 #11009]  INFO -- : 0:  dm-timestamps (1.2.0) from /Users/adrian/.rvm/gems/ruby-2.1.0@learning-stuff-api/specifications/dm-timestamps-1.2.0.gemspec
I, [2014-08-25T00:29:04.639386 #11009]  INFO -- : 0:  dm-transactions (1.2.0) from /Users/adrian/.rvm/gems/ruby-2.1.0@learning-stuff-api/specifications/dm-transactions-1.2.0.gemspec
I, [2014-08-25T00:29:05.776016 #11009]  INFO -- : 0:  stringex (1.5.1) from /Users/adrian/.rvm/gems/ruby-2.1.0@learning-stuff-api/specifications/stringex-1.5.1.gemspec
I, [2014-08-25T00:29:06.743698 #11009]  INFO -- : 0:  uuidtools (2.1.5) from /Users/adrian/.rvm/gems/ruby-2.1.0@learning-stuff-api/specifications/uuidtools-2.1.5.gemspec
I, [2014-08-25T00:29:07.878174 #11009]  INFO -- : 0:  dm-types (1.2.2) from /Users/adrian/.rvm/gems/ruby-2.1.0@learning-stuff-api/specifications/dm-types-1.2.2.gemspec
I, [2014-08-25T00:29:08.955126 #11009]  INFO -- : 0:  dm-validations (1.2.0) from /Users/adrian/.rvm/gems/ruby-2.1.0@learning-stuff-api/specifications/dm-validations-1.2.0.gemspec
I, [2014-08-25T00:29:09.884236 #11009]  INFO -- : 0:  data_mapper (1.2.0) from /Users/adrian/.rvm/gems/ruby-2.1.0@learning-stuff-api/specifications/data_mapper-1.2.0.gemspec
I, [2014-08-25T00:29:10.879677 #11009]  INFO -- : 0:  data_objects (0.10.14) from /Users/adrian/.rvm/gems/ruby-2.1.0@learning-stuff-api/specifications/data_objects-0.10.14.gemspec
I, [2014-08-25T00:29:11.809375 #11009]  INFO -- : 0:  dm-do-adapter (1.2.0) from /Users/adrian/.rvm/gems/ruby-2.1.0@learning-stuff-api/specifications/dm-do-adapter-1.2.0.gemspec
I, [2014-08-25T00:29:14.115560 #11009]  INFO -- : 0:  do_sqlite3 (0.10.14) from /Users/adrian/.rvm/gems/ruby-2.1.0@learning-stuff-api/specifications/do_sqlite3-0.10.14.gemspec
I, [2014-08-25T00:29:15.075156 #11009]  INFO -- : 0:  dm-sqlite-adapter (1.2.0) from /Users/adrian/.rvm/gems/ruby-2.1.0@learning-stuff-api/specifications/dm-sqlite-adapter-1.2.0.gemspec
I, [2014-08-25T00:29:15.075614 #11009]  INFO -- : 0:  rack (1.5.2) from /Users/adrian/.rvm/gems/ruby-2.1.0@learning-stuff-api/specifications/rack-1.5.2.gemspec
I, [2014-08-25T00:29:15.075997 #11009]  INFO -- : 0:  rack-protection (1.5.3) from /Users/adrian/.rvm/gems/ruby-2.1.0@learning-stuff-api/specifications/rack-protection-1.5.3.gemspec
I, [2014-08-25T00:29:15.076424 #11009]  INFO -- : 0:  tilt (1.4.1) from /Users/adrian/.rvm/gems/ruby-2.1.0@learning-stuff-api/specifications/tilt-1.4.1.gemspec
I, [2014-08-25T00:29:15.076901 #11009]  INFO -- : 0:  sinatra (1.4.5) from /Users/adrian/.rvm/gems/ruby-2.1.0@learning-stuff-api/specifications/sinatra-1.4.5.gemspec
I, [2014-08-25T00:29:15.077293 #11009]  INFO -- : 0:  bundler (1.5.1) from /Users/adrian/.rvm/gems/ruby-2.1.0@global/specifications/bundler-1.5.1.gemspec
I, [2014-08-25T01:59:49.283212 #12165]  INFO -- : 0:  addressable (2.3.6) from /Users/adrian/.rvm/gems/ruby-2.1.0@learning-stuff-api/specifications/addressable-2.3.6.gemspec
I, [2014-08-25T01:59:50.542996 #12165]  INFO -- : 0:  backports (3.6.0) from /Users/adrian/.rvm/gems/ruby-2.1.0@learning-stuff-api/specifications/backports-3.6.0.gemspec
I, [2014-08-25T01:59:50.543371 #12165]  INFO -- : 0:  bcrypt (3.1.7) from /Users/adrian/.rvm/gems/ruby-2.1.0@learning-stuff-api/specifications/bcrypt-3.1.7.gemspec
I, [2014-08-25T01:59:50.543678 #12165]  INFO -- : 0:  bcrypt-ruby (3.1.5) from /Users/adrian/.rvm/gems/ruby-2.1.0@learning-stuff-api/specifications/bcrypt-ruby-3.1.5.gemspec
I, [2014-08-25T01:59:50.543969 #12165]  INFO -- : 0:  dm-core (1.2.1) from /Users/adrian/.rvm/gems/ruby-2.1.0@learning-stuff-api/specifications/dm-core-1.2.1.gemspec
I, [2014-08-25T01:59:50.544344 #12165]  INFO -- : 0:  dm-aggregates (1.2.0) from /Users/adrian/.rvm/gems/ruby-2.1.0@learning-stuff-api/specifications/dm-aggregates-1.2.0.gemspec
I, [2014-08-25T01:59:50.544690 #12165]  INFO -- : 0:  dm-constraints (1.2.0) from /Users/adrian/.rvm/gems/ruby-2.1.0@learning-stuff-api/specifications/dm-constraints-1.2.0.gemspec
I, [2014-08-25T01:59:50.545014 #12165]  INFO -- : 0:  dm-migrations (1.2.0) from /Users/adrian/.rvm/gems/ruby-2.1.0@learning-stuff-api/specifications/dm-migrations-1.2.0.gemspec
I, [2014-08-25T01:59:50.545289 #12165]  INFO -- : 0:  fastercsv (1.5.5) from /Users/adrian/.rvm/gems/ruby-2.1.0@learning-stuff-api/specifications/fastercsv-1.5.5.gemspec
I, [2014-08-25T01:59:50.545598 #12165]  INFO -- : 0:  json (1.8.1) from /Users/adrian/.rvm/gems/ruby-2.1.0@learning-stuff-api/specifications/json-1.8.1.gemspec
I, [2014-08-25T01:59:50.545911 #12165]  INFO -- : 0:  json_pure (1.8.1) from /Users/adrian/.rvm/gems/ruby-2.1.0@learning-stuff-api/specifications/json_pure-1.8.1.gemspec
I, [2014-08-25T01:59:50.546231 #12165]  INFO -- : 0:  multi_json (1.10.1) from /Users/adrian/.rvm/gems/ruby-2.1.0@learning-stuff-api/specifications/multi_json-1.10.1.gemspec
I, [2014-08-25T01:59:50.546680 #12165]  INFO -- : 0:  dm-serializer (1.2.2) from /Users/adrian/.rvm/gems/ruby-2.1.0@learning-stuff-api/specifications/dm-serializer-1.2.2.gemspec
I, [2014-08-25T01:59:50.547033 #12165]  INFO -- : 0:  dm-timestamps (1.2.0) from /Users/adrian/.rvm/gems/ruby-2.1.0@learning-stuff-api/specifications/dm-timestamps-1.2.0.gemspec
I, [2014-08-25T01:59:50.547335 #12165]  INFO -- : 0:  dm-transactions (1.2.0) from /Users/adrian/.rvm/gems/ruby-2.1.0@learning-stuff-api/specifications/dm-transactions-1.2.0.gemspec
I, [2014-08-25T01:59:50.547688 #12165]  INFO -- : 0:  stringex (1.5.1) from /Users/adrian/.rvm/gems/ruby-2.1.0@learning-stuff-api/specifications/stringex-1.5.1.gemspec
I, [2014-08-25T01:59:50.548002 #12165]  INFO -- : 0:  uuidtools (2.1.5) from /Users/adrian/.rvm/gems/ruby-2.1.0@learning-stuff-api/specifications/uuidtools-2.1.5.gemspec
I, [2014-08-25T01:59:50.548383 #12165]  INFO -- : 0:  dm-types (1.2.2) from /Users/adrian/.rvm/gems/ruby-2.1.0@learning-stuff-api/specifications/dm-types-1.2.2.gemspec
I, [2014-08-25T01:59:50.548762 #12165]  INFO -- : 0:  dm-validations (1.2.0) from /Users/adrian/.rvm/gems/ruby-2.1.0@learning-stuff-api/specifications/dm-validations-1.2.0.gemspec
I, [2014-08-25T01:59:50.549070 #12165]  INFO -- : 0:  data_mapper (1.2.0) from /Users/adrian/.rvm/gems/ruby-2.1.0@learning-stuff-api/specifications/data_mapper-1.2.0.gemspec
I, [2014-08-25T01:59:50.549381 #12165]  INFO -- : 0:  data_objects (0.10.14) from /Users/adrian/.rvm/gems/ruby-2.1.0@learning-stuff-api/specifications/data_objects-0.10.14.gemspec
I, [2014-08-25T01:59:50.549668 #12165]  INFO -- : 0:  dm-do-adapter (1.2.0) from /Users/adrian/.rvm/gems/ruby-2.1.0@learning-stuff-api/specifications/dm-do-adapter-1.2.0.gemspec
I, [2014-08-25T01:59:50.549985 #12165]  INFO -- : 0:  do_sqlite3 (0.10.14) from /Users/adrian/.rvm/gems/ruby-2.1.0@learning-stuff-api/specifications/do_sqlite3-0.10.14.gemspec
I, [2014-08-25T01:59:50.550345 #12165]  INFO -- : 0:  dm-sqlite-adapter (1.2.0) from /Users/adrian/.rvm/gems/ruby-2.1.0@learning-stuff-api/specifications/dm-sqlite-adapter-1.2.0.gemspec
I, [2014-08-25T01:59:50.550704 #12165]  INFO -- : 0:  rack (1.5.2) from /Users/adrian/.rvm/gems/ruby-2.1.0@learning-stuff-api/specifications/rack-1.5.2.gemspec
I, [2014-08-25T01:59:50.551043 #12165]  INFO -- : 0:  rack-protection (1.5.3) from /Users/adrian/.rvm/gems/ruby-2.1.0@learning-stuff-api/specifications/rack-protection-1.5.3.gemspec
I, [2014-08-25T01:59:51.547371 #12165]  INFO -- : 0:  rack-test (0.6.2) from /Users/adrian/.rvm/gems/ruby-2.1.0@learning-stuff-api/specifications/rack-test-0.6.2.gemspec
I, [2014-08-25T01:59:51.547907 #12165]  INFO -- : 0:  tilt (1.4.1) from /Users/adrian/.rvm/gems/ruby-2.1.0@learning-stuff-api/specifications/tilt-1.4.1.gemspec
I, [2014-08-25T01:59:51.548185 #12165]  INFO -- : 0:  sinatra (1.4.5) from /Users/adrian/.rvm/gems/ruby-2.1.0@learning-stuff-api/specifications/sinatra-1.4.5.gemspec
I, [2014-08-25T01:59:52.592891 #12165]  INFO -- : 0:  sinatra-contrib (1.4.2) from /Users/adrian/.rvm/gems/ruby-2.1.0@learning-stuff-api/specifications/sinatra-contrib-1.4.2.gemspec
I, [2014-08-25T01:59:52.593189 #12165]  INFO -- : 0:  bundler (1.5.1) from /Users/adrian/.rvm/gems/ruby-2.1.0@global/specifications/bundler-1.5.1.gemspec
